build/app/intermediates/manifest_merge_blame_file/debug/manifest-merger-blame-debug-report.txt
1<?xml version="1.0" encoding="utf-8"?>
2<manifest xmlns:android="http://schemas.android.com/apk/res/android"
3    package="com.example.my_first_app"
4    android:versionCode="1"
5    android:versionName="1.0.0" >
6
7    <uses-sdk
8        android:minSdkVersion="19"
9        android:targetSdkVersion="29" />
10    <!--
11         Flutter needs it to communicate with the running application
12         to allow setting breakpoints, to provide hot reload, etc.
13    -->
14    <uses-permission android:name="android.permission.INTERNET" />
14-->src/debug/AndroidManifest.xml:6:5-66
14-->src/debug/AndroidManifest.xml:6:22-64
15    <uses-permission android:name="android.permission.FLASHLIGHT" />
15-->src/main/AndroidManifest.xml:47:5-69
15-->src/main/AndroidManifest.xml:47:22-66
16    <uses-permission android:name="android.permission.WAKE_LOCK" />
16-->src/main/AndroidManifest.xml:48:5-68
16-->src/main/AndroidManifest.xml:48:22-65
17    <uses-permission android:name="android.permission.READ_EXTERNAL_STORAGE" />
17-->src/main/AndroidManifest.xml:49:5-80
17-->src/main/AndroidManifest.xml:49:22-77
18    <uses-permission android:name="android.permission.WRITE_EXTERNAL_STORAGE" />
18-->src/main/AndroidManifest.xml:50:5-81
18-->src/main/AndroidManifest.xml:50:22-78
19    <uses-permission android:name="android.permission.ACCESS_COARSE_LOCATION" />
19-->src/main/AndroidManifest.xml:51:5-81
19-->src/main/AndroidManifest.xml:51:22-78
20    <uses-permission android:name="android.permission.ACCESS_FINE_LOCATION" />
20-->src/main/AndroidManifest.xml:52:5-79
20-->src/main/AndroidManifest.xml:52:22-76
21    <uses-permission android:name="android.permission.RECORD_AUDIO" />
21-->src/main/AndroidManifest.xml:53:5-71
21-->src/main/AndroidManifest.xml:53:22-68
22    <uses-permission android:name="android.permission.SYSTEM_ALERT_WINDOW" />
22-->src/main/AndroidManifest.xml:54:5-78
22-->src/main/AndroidManifest.xml:54:22-75
23    <uses-permission android:name="android.permission.CAMERA" />
23-->src/main/AndroidManifest.xml:55:5-65
23-->src/main/AndroidManifest.xml:55:22-62
24
25    <uses-feature android:name="android.hardware.camera.front" />
25-->src/main/AndroidManifest.xml:56:5-66
25-->src/main/AndroidManifest.xml:56:19-63
26    <uses-feature android:name="android.hardware.microphone" />
26-->src/main/AndroidManifest.xml:57:5-64
26-->src/main/AndroidManifest.xml:57:19-61
27    <uses-feature android:name="android.hardware.camera2" />
27-->src/main/AndroidManifest.xml:58:5-61
27-->src/main/AndroidManifest.xml:58:19-58
28    <uses-feature
28-->src/main/AndroidManifest.xml:59:5-61:35
29        android:name="android.hardware.camera.autofocus"
29-->src/main/AndroidManifest.xml:60:9-57
30        android:required="true" />
30-->src/main/AndroidManifest.xml:61:9-32
31    <uses-feature android:name="android.hardware.camera.flash" />
31-->src/main/AndroidManifest.xml:62:5-66
31-->src/main/AndroidManifest.xml:62:19-63
32
33    <uses-permission android:name="android.permission.READ_PHONE_STATE" />
33-->src/main/AndroidManifest.xml:63:5-75
33-->src/main/AndroidManifest.xml:63:22-72
34
35    <uses-feature android:name="android.hardware.camera" />
35-->[deepar.aar] AndroidManifest.xml:24:5-60
35-->[deepar.aar] AndroidManifest.xml:24:19-57
36
37    <uses-permission android:name="android.hardware.camera.autofocus" />
37-->[deepar.aar] AndroidManifest.xml:27:5-73
37-->[deepar.aar] AndroidManifest.xml:27:22-70
38    <!--
39 io.flutter.app.FlutterApplication is an android.app.Application that
40         calls FlutterMain.startInitialization(this); in its onCreate method.
41         In most cases you can leave this as-is, but you if you want to provide
42         additional functionality it is fine to subclass or reimplement
43         FlutterApplication and put your custom class here.
44    -->
45    <application
45-->src/main/AndroidManifest.xml:8:5-46:19
46        android:name="io.flutter.app.FlutterApplication"
46-->src/main/AndroidManifest.xml:9:9-57
47        android:appComponentFactory="androidx.core.app.CoreComponentFactory"
47-->[androidx.core:core:1.1.0] AndroidManifest.xml:24:18-86
48        android:debuggable="true"
49        android:icon="@mipmap/ic_launcher"
49-->src/main/AndroidManifest.xml:11:9-43
50        android:label="my_first_app" >
50-->src/main/AndroidManifest.xml:10:9-37
51        <activity
51-->src/main/AndroidManifest.xml:12:9-40:20
52            android:name="com.example.my_first_app.MainActivity"
52-->src/main/AndroidManifest.xml:13:13-41
53            android:configChanges="orientation|keyboardHidden|keyboard|screenSize|smallestScreenSize|locale|layoutDirection|fontScale|screenLayout|density|uiMode"
53-->src/main/AndroidManifest.xml:16:13-163
54            android:hardwareAccelerated="true"
54-->src/main/AndroidManifest.xml:17:13-47
55            android:launchMode="singleTop"
55-->src/main/AndroidManifest.xml:14:13-43
56            android:theme="@style/LaunchTheme"
56-->src/main/AndroidManifest.xml:15:13-47
57            android:windowSoftInputMode="adjustResize" >
57-->src/main/AndroidManifest.xml:18:13-55
58
59            <!--
60                 Specifies an Android theme to apply to this Activity as soon as
61                 the Android process has started. This theme is visible to the user
62                 while the Flutter UI initializes. After that, this theme continues
63                 to determine the Window background behind the Flutter UI.
64            -->
65            <meta-data
65-->src/main/AndroidManifest.xml:23:13-26:17
66                android:name="io.flutter.embedding.android.NormalTheme"
66-->src/main/AndroidManifest.xml:24:15-70
67                android:resource="@style/NormalTheme" />
67-->src/main/AndroidManifest.xml:25:15-52
68            <!--
69                 Displays an Android View that continues showing the launch screen
70                 Drawable until Flutter paints its first frame, then this splash
71                 screen fades out. A splash screen is useful to avoid any visual
72                 gap between the end of Android's launch screen and the painting of
73                 Flutter's first frame.
74            -->
75            <meta-data
75-->src/main/AndroidManifest.xml:32:13-35:17
76                android:name="io.flutter.embedding.android.SplashScreenDrawable"
76-->src/main/AndroidManifest.xml:33:15-79
77                android:resource="@drawable/launch_background" />
77-->src/main/AndroidManifest.xml:34:15-61
78
79            <intent-filter>
79-->src/main/AndroidManifest.xml:36:13-39:29
80                <action android:name="android.intent.action.MAIN" />
80-->src/main/AndroidManifest.xml:37:17-68
80-->src/main/AndroidManifest.xml:37:25-66
81
82                <category android:name="android.intent.category.LAUNCHER" />
82-->src/main/AndroidManifest.xml:38:17-76
82-->src/main/AndroidManifest.xml:38:27-74
83            </intent-filter>
84        </activity>
85        <!--
86             Don't delete the meta-data below.
87             This is used by the Flutter tool to generate GeneratedPluginRegistrant.java
88        -->
89        <meta-data
89-->src/main/AndroidManifest.xml:43:9-45:33
90            android:name="flutterEmbedding"
90-->src/main/AndroidManifest.xml:44:13-44
91            android:value="2" />
91-->src/main/AndroidManifest.xml:45:13-30
92
93        <provider
93-->[:image_picker] AndroidManifest.xml:11:9-19:20
94            android:name="io.flutter.plugins.imagepicker.ImagePickerFileProvider"
94-->[:image_picker] AndroidManifest.xml:12:13-82
95            android:authorities="com.example.my_first_app.flutter.image_provider"
95-->[:image_picker] AndroidManifest.xml:13:13-74
96            android:exported="false"
96-->[:image_picker] AndroidManifest.xml:14:13-37
97            android:grantUriPermissions="true" >
97-->[:image_picker] AndroidManifest.xml:15:13-47
98            <meta-data
98-->[:image_picker] AndroidManifest.xml:16:13-18:75
99                android:name="android.support.FILE_PROVIDER_PATHS"
99-->[:image_picker] AndroidManifest.xml:17:17-67
100                android:resource="@xml/flutter_image_picker_file_paths" />
100-->[:image_picker] AndroidManifest.xml:18:17-72
101        </provider>
102
103        <activity
103-->[com.karumi:dexter:6.2.1] AndroidManifest.xml:27:9-29:72
104            android:name="com.karumi.dexter.DexterActivity"
104-->[com.karumi:dexter:6.2.1] AndroidManifest.xml:28:13-60
105            android:theme="@style/Dexter.Internal.Theme.Transparent" />
105-->[com.karumi:dexter:6.2.1] AndroidManifest.xml:29:13-69
106    </application>
107
108</manifest>